[ 2016-09-21 22:39:45.3260 22731/7f4b27bf37c0 age/Wat/WatchdogMain.cpp:1291 ]: Starting Passenger watchdog...
[ 2016-09-21 22:39:45.3357 22734/7f2e4a49c7c0 age/Cor/CoreMain.cpp:982 ]: Starting Passenger core...
[ 2016-09-21 22:39:45.3360 22734/7f2e4a49c7c0 age/Cor/CoreMain.cpp:235 ]: Passenger core running in multi-application mode.
[ 2016-09-21 22:39:45.3385 22734/7f2e4a49c7c0 age/Cor/CoreMain.cpp:732 ]: Passenger core online, PID 22734
[ 2016-09-21 22:39:45.3485 22739/7fe0664637c0 age/Ust/UstRouterMain.cpp:529 ]: Starting Passenger UstRouter...
[ 2016-09-21 22:39:45.3495 22739/7fe0664637c0 age/Ust/UstRouterMain.cpp:342 ]: Passenger UstRouter online, PID 22739
App 22770 stdout: 
App 22770 stdout: 
[ 2016-09-21 22:39:52.0496 22734/7f2e42ccc700 age/Cor/App/Implementation.cpp:304 ]: Could not spawn process for application /home/admin/web/hellocareer.md/public_html: An error occurred while starting up the preloader.
  Error ID: a7b022fb
  Error details saved to: /tmp/passenger-error-II2Utj.html
  Message from application: No such file or directory @ rb_sysopen - /home/admin/web/hellocareer.md/public_html/config/application.yml (Errno::ENOENT)
  /usr/local/rvm/rubies/ruby-2.3.1/lib/ruby/2.3.0/open-uri.rb:37:in `initialize'
  /usr/local/rvm/rubies/ruby-2.3.1/lib/ruby/2.3.0/open-uri.rb:37:in `open'
  /usr/local/rvm/rubies/ruby-2.3.1/lib/ruby/2.3.0/open-uri.rb:37:in `open'
  /usr/local/rvm/gems/ruby-2.3.1/gems/settingslogic-2.0.9/lib/settingslogic.rb:102:in `initialize'
  /usr/local/rvm/gems/ruby-2.3.1/gems/settingslogic-2.0.9/lib/settingslogic.rb:60:in `new'
  /usr/local/rvm/gems/ruby-2.3.1/gems/settingslogic-2.0.9/lib/settingslogic.rb:60:in `instance'
  /usr/local/rvm/gems/ruby-2.3.1/gems/settingslogic-2.0.9/lib/settingslogic.rb:66:in `method_missing'
  /home/admin/web/hellocareer.md/public_html/config/initializers/devise.rb:7:in `block in <top (required)>'
  /usr/local/rvm/gems/ruby-2.3.1/gems/devise-4.2.0/lib/devise.rb:292:in `setup'
  /home/admin/web/hellocareer.md/public_html/config/initializers/devise.rb:3:in `<top (required)>'
  /usr/local/rvm/gems/ruby-2.3.1/gems/activesupport-4.2.1/lib/active_support/dependencies.rb:268:in `load'
  /usr/local/rvm/gems/ruby-2.3.1/gems/activesupport-4.2.1/lib/active_support/dependencies.rb:268:in `block in load'
  /usr/local/rvm/gems/ruby-2.3.1/gems/activesupport-4.2.1/lib/active_support/dependencies.rb:240:in `load_dependency'
  /usr/local/rvm/gems/ruby-2.3.1/gems/activesupport-4.2.1/lib/active_support/dependencies.rb:268:in `load'
  /usr/local/rvm/gems/ruby-2.3.1/gems/railties-4.2.1/lib/rails/engine.rb:652:in `block in load_config_initializer'
  /usr/local/rvm/gems/ruby-2.3.1/gems/activesupport-4.2.1/lib/active_support/notifications.rb:166:in `instrument'
  /usr/local/rvm/gems/ruby-2.3.1/gems/railties-4.2.1/lib/rails/engine.rb:651:in `load_config_initializer'
  /usr/local/rvm/gems/ruby-2.3.1/gems/railties-4.2.1/lib/rails/engine.rb:616:in `block (2 levels) in <class:Engine>'
  /usr/local/rvm/gems/ruby-2.3.1/gems/railties-4.2.1/lib/rails/engine.rb:615:in `each'
  /usr/local/rvm/gems/ruby-2.3.1/gems/railties-4.2.1/lib/rails/engine.rb:615:in `block in <class:Engine>'
  /usr/local/rvm/gems/ruby-2.3.1/gems/railties-4.2.1/lib/rails/initializable.rb:30:in `instance_exec'
  /usr/local/rvm/gems/ruby-2.3.1/gems/railties-4.2.1/lib/rails/initializable.rb:30:in `run'
  /usr/local/rvm/gems/ruby-2.3.1/gems/railties-4.2.1/lib/rails/initializable.rb:55:in `block in run_initializers'
  /usr/local/rvm/rubies/ruby-2.3.1/lib/ruby/2.3.0/tsort.rb:228:in `block in tsort_each'
  /usr/local/rvm/rubies/ruby-2.3.1/lib/ruby/2.3.0/tsort.rb:350:in `block (2 levels) in each_strongly_connected_component'
  /usr/local/rvm/rubies/ruby-2.3.1/lib/ruby/2.3.0/tsort.rb:422:in `block (2 levels) in each_strongly_connected_component_from'
  /usr/local/rvm/rubies/ruby-2.3.1/lib/ruby/2.3.0/tsort.rb:431:in `each_strongly_connected_component_from'
  /usr/local/rvm/rubies/ruby-2.3.1/lib/ruby/2.3.0/tsort.rb:421:in `block in each_strongly_connected_component_from'
  /usr/local/rvm/gems/ruby-2.3.1/gems/railties-4.2.1/lib/rails/initializable.rb:44:in `each'
  /usr/local/rvm/gems/ruby-2.3.1/gems/railties-4.2.1/lib/rails/initializable.rb:44:in `tsort_each_child'
  /usr/local/rvm/rubies/ruby-2.3.1/lib/ruby/2.3.0/tsort.rb:415:in `call'
  /usr/local/rvm/rubies/ruby-2.3.1/lib/ruby/2.3.0/tsort.rb:415:in `each_strongly_connected_component_from'
  /usr/local/rvm/rubies/ruby-2.3.1/lib/ruby/2.3.0/tsort.rb:349:in `block in each_strongly_connected_component'
  /usr/local/rvm/rubies/ruby-2.3.1/lib/ruby/2.3.0/tsort.rb:347:in `each'
  /usr/local/rvm/rubies/ruby-2.3.1/lib/ruby/2.3.0/tsort.rb:347:in `call'
  /usr/local/rvm/rubies/ruby-2.3.1/lib/ruby/2.3.0/tsort.rb:347:in `each_strongly_connected_component'
  /usr/local/rvm/rubies/ruby-2.3.1/lib/ruby/2.3.0/tsort.rb:226:in `tsort_each'
  /usr/local/rvm/rubies/ruby-2.3.1/lib/ruby/2.3.0/tsort.rb:205:in `tsort_each'
  /usr/local/rvm/gems/ruby-2.3.1/gems/railties-4.2.1/lib/rails/initializable.rb:54:in `run_initializers'
  /usr/local/rvm/gems/ruby-2.3.1/gems/railties-4.2.1/lib/rails/application.rb:352:in `initialize!'
  /home/admin/web/hellocareer.md/public_html/config/environment.rb:5:in `<top (required)>'
  config.ru:3:in `require'
  config.ru:3:in `block in <main>'
  /usr/local/rvm/gems/ruby-2.3.1/gems/rack-1.6.4/lib/rack/builder.rb:55:in `instance_eval'
  /usr/local/rvm/gems/ruby-2.3.1/gems/rack-1.6.4/lib/rack/builder.rb:55:in `initialize'
  config.ru:1:in `new'
  config.ru:1:in `<main>'
  /usr/share/passenger/helper-scripts/rack-preloader.rb:110:in `eval'
  /usr/share/passenger/helper-scripts/rack-preloader.rb:110:in `preload_app'
  /usr/share/passenger/helper-scripts/rack-preloader.rb:156:in `<module:App>'
  /usr/share/passenger/helper-scripts/rack-preloader.rb:30:in `<module:PhusionPassenger>'
  /usr/share/passenger/helper-scripts/rack-preloader.rb:29:in `<main>'


[ 2016-09-21 22:39:52.0555 22734/7f2e43cce700 age/Cor/Con/CheckoutSession.cpp:285 ]: [Client 1-1] Cannot checkout session because a spawning error occurred. The identifier of the error is a7b022fb. Please see earlier logs for details about the error.

[ 2016-09-21 22:41:49.1360 22734/7f2e43cce700 age/Cor/CoreMain.cpp:532 ]: Signal received. Gracefully shutting down... (send signal 2 more time(s) to force shutdown)
[ 2016-09-21 22:41:49.1361 22734/7f2e4a49c7c0 age/Cor/CoreMain.cpp:901 ]: Received command to shutdown gracefully. Waiting until all clients have disconnected...
[ 2016-09-21 22:41:49.1362 22734/7f2e434cd700 Ser/Server.h:817 ]: [ApiServer] Freed 0 spare client objects
[ 2016-09-21 22:41:49.1362 22734/7f2e434cd700 Ser/Server.h:464 ]: [ApiServer] Shutdown finished
[ 2016-09-21 22:41:49.1364 22734/7f2e43cce700 Ser/Server.h:817 ]: [ServerThr.1] Freed 128 spare client objects
[ 2016-09-21 22:41:49.1365 22734/7f2e43cce700 Ser/Server.h:464 ]: [ServerThr.1] Shutdown finished

[ 2016-09-21 22:41:49.1376 22739/7fe05fc5b700 age/Ust/UstRouterMain.cpp:422 ]: Signal received. Gracefully shutting down... (send signal 2 more time(s) to force shutdown)
[ 2016-09-21 22:41:49.1377 22739/7fe0664637c0 age/Ust/UstRouterMain.cpp:492 ]: Received command to shutdown gracefully. Waiting until all clients have disconnected...
[ 2016-09-21 22:41:49.1424 22739/7fe05f45a700 Ser/Server.h:817 ]: [UstRouterApiServer] Freed 0 spare client objects
[ 2016-09-21 22:41:49.1424 22739/7fe05f45a700 Ser/Server.h:464 ]: [UstRouterApiServer] Shutdown finished
[ 2016-09-21 22:41:49.1427 22739/7fe05fc5b700 Ser/Server.h:464 ]: [UstRouter] Shutdown finished
[ 2016-09-21 22:41:49.1429 22739/7fe0664637c0 age/Ust/UstRouterMain.cpp:523 ]: Passenger UstRouter shutdown finished
[ 2016-09-21 22:41:49.1752 22734/7f2e4a49c7c0 age/Cor/CoreMain.cpp:967 ]: Passenger core shutdown finished
[ 2016-09-23 06:29:15.6272 32593/7f1ef04247c0 age/Wat/WatchdogMain.cpp:1291 ]: Starting Passenger watchdog...
[ 2016-09-23 06:29:15.6446 32596/7f98c580c7c0 age/Cor/CoreMain.cpp:982 ]: Starting Passenger core...
[ 2016-09-23 06:29:15.6449 32596/7f98c580c7c0 age/Cor/CoreMain.cpp:235 ]: Passenger core running in multi-application mode.
[ 2016-09-23 06:29:15.6481 32596/7f98c580c7c0 age/Cor/CoreMain.cpp:732 ]: Passenger core online, PID 32596
[ 2016-09-23 06:29:15.6630 32601/7fb7a23df7c0 age/Ust/UstRouterMain.cpp:529 ]: Starting Passenger UstRouter...
[ 2016-09-23 06:29:15.6645 32601/7fb7a23df7c0 age/Ust/UstRouterMain.cpp:342 ]: Passenger UstRouter online, PID 32601
App 32636 stdout: 
App 32636 stdout: 
[ 2016-09-23 06:29:18.1231 32596/7f98be03c700 age/Cor/App/Implementation.cpp:304 ]: Could not spawn process for application /home/admin/web/hellocareer.md/public_html: An error occurred while starting up the preloader.
  Error ID: c64d230f
  Error details saved to: /tmp/passenger-error-hkBiug.html
  Message from application: cannot load such file -- bundler/setup (LoadError)
  /usr/local/lib/ruby/2.3.0/rubygems/core_ext/kernel_require.rb:55:in `require'
  /usr/local/lib/ruby/2.3.0/rubygems/core_ext/kernel_require.rb:55:in `require'
  /usr/lib/ruby/vendor_ruby/phusion_passenger/loader_shared_helpers.rb:430:in `activate_gem'
  /usr/lib/ruby/vendor_ruby/phusion_passenger/loader_shared_helpers.rb:297:in `block in run_load_path_setup_code'
  /usr/lib/ruby/vendor_ruby/phusion_passenger/loader_shared_helpers.rb:435:in `running_bundler'
  /usr/lib/ruby/vendor_ruby/phusion_passenger/loader_shared_helpers.rb:296:in `run_load_path_setup_code'
  /usr/share/passenger/helper-scripts/rack-preloader.rb:100:in `preload_app'
  /usr/share/passenger/helper-scripts/rack-preloader.rb:156:in `<module:App>'
  /usr/share/passenger/helper-scripts/rack-preloader.rb:30:in `<module:PhusionPassenger>'
  /usr/share/passenger/helper-scripts/rack-preloader.rb:29:in `<main>'


[ 2016-09-23 06:29:18.1349 32596/7f98bf03e700 age/Cor/Con/CheckoutSession.cpp:285 ]: [Client 1-1] Cannot checkout session because a spawning error occurred. The identifier of the error is c64d230f. Please see earlier logs for details about the error.

[ 2016-09-23 06:29:49.8280 32596/7f98bf03e700 age/Cor/CoreMain.cpp:532 ]: Signal received. Gracefully shutting down... (send signal 2 more time(s) to force shutdown)
[ 2016-09-23 06:29:49.8280 32596/7f98c580c7c0 age/Cor/CoreMain.cpp:901 ]: Received command to shutdown gracefully. Waiting until all clients have disconnected...
[ 2016-09-23 06:29:49.8281 32596/7f98be83d700 Ser/Server.h:817 ]: [ApiServer] Freed 0 spare client objects
[ 2016-09-23 06:29:49.8282 32596/7f98be83d700 Ser/Server.h:464 ]: [ApiServer] Shutdown finished
[ 2016-09-23 06:29:49.8284 32596/7f98bf03e700 Ser/Server.h:817 ]: [ServerThr.1] Freed 128 spare client objects
[ 2016-09-23 06:29:49.8285 32596/7f98bf03e700 Ser/Server.h:464 ]: [ServerThr.1] Shutdown finished

[ 2016-09-23 06:29:49.8289 32601/7fb79bbd7700 age/Ust/UstRouterMain.cpp:422 ]: Signal received. Gracefully shutting down... (send signal 2 more time(s) to force shutdown)
[ 2016-09-23 06:29:49.8289 32601/7fb7a23df7c0 age/Ust/UstRouterMain.cpp:492 ]: Received command to shutdown gracefully. Waiting until all clients have disconnected...
[ 2016-09-23 06:29:49.8290 32601/7fb79b3d6700 Ser/Server.h:817 ]: [UstRouterApiServer] Freed 0 spare client objects
[ 2016-09-23 06:29:49.8291 32601/7fb79b3d6700 Ser/Server.h:464 ]: [UstRouterApiServer] Shutdown finished
[ 2016-09-23 06:29:49.8293 32601/7fb79bbd7700 Ser/Server.h:464 ]: [UstRouter] Shutdown finished
[ 2016-09-23 06:29:49.8295 32601/7fb7a23df7c0 age/Ust/UstRouterMain.cpp:523 ]: Passenger UstRouter shutdown finished
[ 2016-09-23 06:29:49.8522 32596/7f98c580c7c0 age/Cor/CoreMain.cpp:967 ]: Passenger core shutdown finished
